#
# A fatal error has been detected by the Java Runtime Environment:
#
#  SIGFPE (0x8) at pc=0x0000000118fa3308, pid=5397, tid=6915
#
# JRE version: OpenJDK Runtime Environment (15.0.2+7) (build 15.0.2+7-27)
# Java VM: OpenJDK 64-Bit Server VM (15.0.2+7-27, mixed mode, sharing, tiered, compressed oops, g1 gc, bsd-amd64)
# Problematic frame:
# j  Loops.Practice3.main([Ljava/lang/String;)V+48
#
# No core dump will be written. Core dumps have been disabled. To enable core dumping, try "ulimit -c unlimited" before starting Java again
#
# If you would like to submit a bug report, please visit:
#   https://bugreport.java.com/bugreport/crash.jsp
#

---------------  S U M M A R Y ------------

Command Line: -javaagent:/Applications/IntelliJ IDEA CE.app/Contents/lib/idea_rt.jar=53932:/Applications/IntelliJ IDEA CE.app/Contents/bin -Dfile.encoding=UTF-8 Loops.Practice3

Host: MacBookPro17,1 x86_64 2400 MHz, 8 cores, 8G, Darwin 20.1.0
Time: Fri Sep 10 22:33:37 2021 CDT elapsed time: 4.634901 seconds (0d 0h 0m 4s)

---------------  T H R E A D  ---------------

Current thread (0x00007fef6680d400):  JavaThread "main" [_thread_in_Java, id=6915, stack(0x0000000308835000,0x0000000308935000)]

Stack: [0x0000000308835000,0x0000000308935000],  sp=0x0000000308934ac8,  free space=1022k
Native frames: (J=compiled Java code, A=aot compiled Java code, j=interpreted, Vv=VM code, C=native code)
j  Loops.Practice3.main([Ljava/lang/String;)V+48
v  ~StubRoutines::call_stub
V  [libjvm.dylib+0x4ae582]  JavaCalls::call_helper(JavaValue*, methodHandle const&, JavaCallArguments*, Thread*)+0x2e2
V  [libjvm.dylib+0x50f169]  jni_invoke_static(JNIEnv_*, JavaValue*, _jobject*, JNICallType, _jmethodID*, JNI_ArgumentPusher*, Thread*)+0x1f9
V  [libjvm.dylib+0x51290e]  jni_CallStaticVoidMethod+0x19e
C  [libjli.dylib+0x4f3d]  JavaMain+0xc1d
C  [libjli.dylib+0x7659]  ThreadJavaMain+0x9
C  [libsystem_pthread.dylib+0x6950]  _pthread_start+0xe0
C  [libsystem_pthread.dylib+0x247b]  thread_start+0xf


siginfo: si_signo: 8 (SIGFPE), si_code: 5 (FPE_FLTINV), si_addr: 0x0000000118fa3308

Register to memory mapping:

RAX=0x000000000000000f is an unknown value
RBX=0x0000000000000070 is an unknown value
RCX=0x0 is NULL
RDX=0x0 is NULL
RSP=0x0000000308934ac8 is pointing into the stack for thread: 0x00007fef6680d400
RBP=0x0000000308934b10 is pointing into the stack for thread: 0x00007fef6680d400
RSI=0x0000000308934a50 is pointing into the stack for thread: 0x00007fef6680d400
RDI=0x0000000118f98eea is at code_begin+2346 in an Interpreter codelet
invoke return entry points  [0x0000000118f985c0, 0x0000000118f98fc0]  2560 bytes
R8 =0x0000000000000042 is an unknown value
R9 =0x0000000787f05c80 is an oop: java.io.FileDescriptor 
{0x0000000787f05c80} - klass: 'java/io/FileDescriptor'
R10=0x000000010f44b9c0: _ZN19TemplateInterpreter13_active_tableE+0x2000 in /Users/aizhanbaktygulova/Library/Java/JavaVirtualMachines/openjdk-15.0.2/Contents/Home/lib/server/libjvm.dylib at 0x000000010e800000
R11=0x0000000308934608 is pointing into the stack for thread: 0x00007fef6680d400
R12=0x0 is NULL
R13=0x000000012f16fcb0 is pointing into metadata
R14=0x0000000308934b38 is pointing into the stack for thread: 0x00007fef6680d400
R15=0x00007fef6680d400 is a thread


Registers:
RAX=0x000000000000000f, RBX=0x0000000000000070, RCX=0x0000000000000000, RDX=0x0000000000000000
RSP=0x0000000308934ac8, RBP=0x0000000308934b10, RSI=0x0000000308934a50, RDI=0x0000000118f98eea
R8 =0x0000000000000042, R9 =0x0000000787f05c80, R10=0x000000010f44b9c0, R11=0x0000000308934608
R12=0x0000000000000000, R13=0x000000012f16fcb0, R14=0x0000000308934b38, R15=0x00007fef6680d400
RIP=0x0000000118fa3308, EFLAGS=0x0000000000000a87, ERR=0x0000000000000000
  TRAPNO=0x0000000000000000

Top of Stack: (sp=0x0000000308934ac8)
0x0000000308934ac8:   0000000308934ac8 000000012f16fcb8
0x0000000308934ad8:   0000000308934b38 000000012f16fd78
0x0000000308934ae8:   0000000000000000 0000000787e7c338
0x0000000308934af8:   000000012f16fd08 0000000000000000
0x0000000308934b08:   0000000308934b38 0000000308934ba0
0x0000000308934b18:   0000000118f8f947 0000000000000000
0x0000000308934b28:   000000000000000f 0000000787e8fad8
0x0000000308934b38:   0000000787e7c5b0 9887b3a900001fa0
0x0000000308934b48:   00007fef6680d400 0000000308934ce0
0x0000000308934b58:   0000000308934e90 0000000308934cc8
0x0000000308934b68:   0000000000000001 0000000308934bf8
0x0000000308934b78:   0000000308934e98 000000000000000a
0x0000000308934b88:   000000012f16fd08 0000000118f9cf40
0x0000000308934b98:   0000000308934ce8 0000000308934c80
0x0000000308934ba8:   000000010ecae582 0000000000000001
0x0000000308934bb8:   00007fef6680d400 00007fef6680d400
0x0000000308934bc8:   00007fef66004f90 00007fef66005560
0x0000000308934bd8:   00007fef66005570 00007fef66005648
0x0000000308934be8:   00000000000000d8 00007fef66004fd0
0x0000000308934bf8:   00007fef6680d400 00007fef66005f40
0x0000000308934c08:   000000012f16fd08 0000000000000000
0x0000000308934c18:   0000000000000000 0000000000000000
0x0000000308934c28:   0000000000000000 0000000308934e90
0x0000000308934c38:   0000000202437e7d 0000000118f9cf40
0x0000000308934c48:   000000000000000f 0000000a6680d400
0x0000000308934c58:   00007fef6680d400 0000000000000008
0x0000000308934c68:   0000000308934e90 00007fef66004f60
0x0000000308934c78:   0000000308934ce0 0000000308934d90
0x0000000308934c88:   000000010ed0f169 00007fef66005170
0x0000000308934c98:   00007fef66005180 00007fef6680d400
0x0000000308934ca8:   0000000308934e50 00007fef66005558
0x0000000308934cb8:   00000000000003d8 00007fef6680d728 

Instructions: (pc=0x0000000118fa3308)
0x0000000118fa3208:   98 be 27 0f 01 00 00 00 6e 00 00 00 00 00 00 00
0x0000000118fa3218:   00 00 00 00 00 00 00 00 f3 0f 10 04 24 48 83 c4
0x0000000118fa3228:   08 0f 28 c8 f3 0f 10 04 24 48 83 c4 08 f3 0f 5e
0x0000000118fa3238:   c1 41 0f b6 5d 01 49 ff c5 49 ba c0 c9 44 0f 01
0x0000000118fa3248:   00 00 00 41 ff 24 da 90 00 00 00 00 00 00 00 00
0x0000000118fa3258:   00 00 00 00 00 00 00 00 60 00 00 00 00 00 00 00
0x0000000118fa3268:   9d be 27 0f 01 00 00 00 6f 00 00 00 00 00 00 00
0x0000000118fa3278:   00 00 00 00 00 00 00 00 f2 0f 10 04 24 48 83 c4
0x0000000118fa3288:   10 66 0f 28 c8 f2 0f 10 04 24 48 83 c4 10 f2 0f
0x0000000118fa3298:   5e c1 41 0f b6 5d 01 49 ff c5 49 ba c0 d1 44 0f
0x0000000118fa32a8:   01 00 00 00 41 ff 24 da 00 00 00 00 00 00 00 00
0x0000000118fa32b8:   00 00 00 00 00 00 00 00 80 00 00 00 00 00 00 00
0x0000000118fa32c8:   a2 be 27 0f 01 00 00 00 70 00 00 00 00 00 00 00
0x0000000118fa32d8:   00 00 00 00 00 00 00 00 8b 04 24 48 83 c4 08 8b
0x0000000118fa32e8:   c8 8b 04 24 48 83 c4 08 81 f8 00 00 00 80 0f 85
0x0000000118fa32f8:   0b 00 00 00 33 d2 83 f9 ff 0f 84 03 00 00 00 99
0x0000000118fa3308:   f7 f9 8b c2 41 0f b6 5d 01 49 ff c5 49 ba c0 b9
0x0000000118fa3318:   44 0f 01 00 00 00 41 ff 24 da 66 0f 1f 44 00 00
0x0000000118fa3328:   00 00 00 00 00 00 00 00 00 00 00 00 00 00 00 00
0x0000000118fa3338:   00 00 00 00 00 00 00 00 80 00 00 00 00 00 00 00
0x0000000118fa3348:   a7 be 27 0f 01 00 00 00 71 00 00 00 00 00 00 00
0x0000000118fa3358:   00 00 00 00 00 00 00 00 48 8b 04 24 48 83 c4 10
0x0000000118fa3368:   48 8b c8 48 8b 04 24 48 83 c4 10 48 85 c9 0f 84
0x0000000118fa3378:   b3 98 ff ff 48 3b 05 cd 37 35 f6 0f 85 0c 00 00
0x0000000118fa3388:   00 33 d2 48 83 f9 ff 0f 84 05 00 00 00 48 99 48
0x0000000118fa3398:   f7 f9 48 8b c2 41 0f b6 5d 01 49 ff c5 49 ba c0
0x0000000118fa33a8:   c1 44 0f 01 00 00 00 41 ff 24 da 0f 1f 44 00 00
0x0000000118fa33b8:   00 00 00 00 00 00 00 00 80 00 00 00 00 00 00 00
0x0000000118fa33c8:   ac be 27 0f 01 00 00 00 72 00 00 00 00 00 00 00
0x0000000118fa33d8:   00 00 00 00 00 00 00 00 f3 0f 10 04 24 48 83 c4
0x0000000118fa33e8:   08 0f 28 c8 f3 0f 10 04 24 48 83 c4 08 f7 c4 0f
0x0000000118fa33f8:   00 00 00 0f 84 12 00 00 00 48 83 ec 08 e8 c6 f1 


Stack slot to memory mapping:
stack at sp + 0 slots: 0x0000000308934ac8 is pointing into the stack for thread: 0x00007fef6680d400
stack at sp + 1 slots: 0x000000012f16fcb8 is pointing into metadata
stack at sp + 2 slots: 0x0000000308934b38 is pointing into the stack for thread: 0x00007fef6680d400
stack at sp + 3 slots: 0x000000012f16fd78 is pointing into metadata
stack at sp + 4 slots: 0x0 is NULL
stack at sp + 5 slots: 0x0000000787e7c338 is an oop: java.lang.Class 
{0x0000000787e7c338} - klass: 'java/lang/Class'
stack at sp + 6 slots: {method} {0x000000012f16fd08} 'main' '([Ljava/lang/String;)V' in 'Loops/Practice3'
stack at sp + 7 slots: 0x0 is NULL

irem  112 irem  [0x0000000118fa32e0, 0x0000000118fa3340]  96 bytes
[MachCode]
  0x0000000118fa32e0: 8b04 2448 | 83c4 088b | c88b 0424 | 4883 c408 | 81f8 0000 | 0080 0f85 | 0b00 0000 | 33d2 83f9 
  0x0000000118fa3300: ff0f 8403 | 0000 0099 | f7f9 8bc2 | 410f b65d | 0149 ffc5 | 49ba c0b9 | 440f 0100 | 0000 41ff 
  0x0000000118fa3320: 24da 660f | 1f44 0000 | 0000 0000 | 0000 0000 | 0000 0000 | 0000 0000 | 0000 0000 | 0000 0000 
[/MachCode]

---------------  P R O C E S S  ---------------

Threads class SMR info:
_java_thread_list=0x00007fef64c3c290, length=12, elements={
0x00007fef6680d400, 0x00007fef65032800, 0x00007fef45024000, 0x00007fef66847e00,
0x00007fef66841200, 0x00007fef25008a00, 0x00007fef25008200, 0x00007fef66844000,
0x00007fef25848200, 0x00007fef6684d000, 0x00007fef6684a400, 0x00007fef25883000
}

Java Threads: ( => current thread )
=>0x00007fef6680d400 JavaThread "main" [_thread_in_Java, id=6915, stack(0x0000000308835000,0x0000000308935000)]
  0x00007fef65032800 JavaThread "Reference Handler" daemon [_thread_blocked, id=16131, stack(0x0000000308f4a000,0x000000030904a000)]
  0x00007fef45024000 JavaThread "Finalizer" daemon [_thread_blocked, id=43267, stack(0x000000030904d000,0x000000030914d000)]
  0x00007fef66847e00 JavaThread "Signal Dispatcher" daemon [_thread_blocked, id=24323, stack(0x000000030925f000,0x000000030935f000)]
  0x00007fef66841200 JavaThread "Service Thread" daemon [_thread_blocked, id=24835, stack(0x0000000309362000,0x0000000309462000)]
  0x00007fef25008a00 JavaThread "C2 CompilerThread0" daemon [_thread_blocked, id=38915, stack(0x0000000309465000,0x0000000309565000)]
  0x00007fef25008200 JavaThread "C1 CompilerThread0" daemon [_thread_blocked, id=25347, stack(0x0000000309568000,0x0000000309668000)]
  0x00007fef66844000 JavaThread "Sweeper thread" daemon [_thread_blocked, id=26115, stack(0x000000030966b000,0x000000030976b000)]
  0x00007fef25848200 JavaThread "Common-Cleaner" daemon [_thread_blocked, id=26371, stack(0x000000030976e000,0x000000030986e000)]
  0x00007fef6684d000 JavaThread "Monitor Ctrl-Break" daemon [_thread_in_native, id=35843, stack(0x0000000309871000,0x0000000309971000)]
  0x00007fef6684a400 JavaThread "Notification Thread" daemon [_thread_blocked, id=35331, stack(0x0000000309974000,0x0000000309a74000)]
  0x00007fef25883000 JavaThread "Attach Listener" daemon [_thread_blocked, id=29699, stack(0x0000000309b7a000,0x0000000309c7a000)]

Other Threads:
  0x00007fef44c0d130 VMThread "VM Thread" [stack: 0x0000000308e47000,0x0000000308f47000] [id=16643]
  0x00007fef66047a80 WatcherThread [stack: 0x0000000309a77000,0x0000000309b77000] [id=28163]
  0x00007fef64c24a80 GCTaskThread "GC Thread#0" [stack: 0x0000000308938000,0x0000000308a38000] [id=18691]
  0x00007fef64d049c0 ConcurrentGCThread "G1 Main Marker" [stack: 0x0000000308a3b000,0x0000000308b3b000] [id=14083]
  0x00007fef64d05a60 ConcurrentGCThread "G1 Conc#0" [stack: 0x0000000308b3e000,0x0000000308c3e000] [id=14339]
  0x00007fef660197d0 ConcurrentGCThread "G1 Refine#0" [stack: 0x0000000308c41000,0x0000000308d41000] [id=14851]
  0x00007fef64e07050 ConcurrentGCThread "G1 Young RemSet Sampling" [stack: 0x0000000308d44000,0x0000000308e44000] [id=15107]

Threads with active compile tasks:

VM state: not at safepoint (normal execution)

VM Mutex/Monitor currently owned by a thread: None

Heap address: 0x0000000780000000, size: 2048 MB, Compressed Oops mode: Zero based, Oop shift amount: 3
CDS archive(s) mapped at: [0x0000000800000000-0x0000000800b2b000-0x0000000800b2b000), size 11710464, SharedBaseAddress: 0x0000000800000000, ArchiveRelocationMode: 0.
Compressed class space mapped at: 0x0000000800b2c000-0x0000000840b2c000, size: 1073741824
Narrow klass base: 0x0000000800000000, Narrow klass shift: 3, Narrow klass range: 0x100000000

GC Precious Log:
 CPUs: 8 total, 8 available
 Memory: 8192M
 Large Page Support: Disabled
 NUMA Support: Disabled
 Compressed Oops: Enabled (Zero based)
 Heap Region Size: 1M
 Heap Min Capacity: 8M
 Heap Initial Capacity: 128M
 Heap Max Capacity: 2G
 Pre-touch: Disabled
 Parallel Workers: 8
 Concurrent Workers: 2
 Concurrent Refinement Workers: 8
 Periodic GC: Disabled

Heap:
 garbage-first heap   total 133120K, used 3880K [0x0000000780000000, 0x0000000800000000)
  region size 1024K, 4 young (4096K), 0 survivors (0K)
 Metaspace       used 1206K, capacity 4518K, committed 4864K, reserved 1056768K
  class space    used 116K, capacity 394K, committed 512K, reserved 1048576K

Heap Regions: E=young(eden), S=young(survivor), O=old, HS=humongous(starts), HC=humongous(continues), CS=collection set, F=free, OA=open archive, CA=closed archive, TAMS=top-at-mark-start (previous, next)
|   0|0x0000000780000000, 0x0000000780000000, 0x0000000780100000|  0%| F|  |TAMS 0x0000000780000000, 0x0000000780000000| Untracked 
|   1|0x0000000780100000, 0x0000000780100000, 0x0000000780200000|  0%| F|  |TAMS 0x0000000780100000, 0x0000000780100000| Untracked 
|   2|0x0000000780200000, 0x0000000780200000, 0x0000000780300000|  0%| F|  |TAMS 0x0000000780200000, 0x0000000780200000| Untracked 
|   3|0x0000000780300000, 0x0000000780300000, 0x0000000780400000|  0%| F|  |TAMS 0x0000000780300000, 0x0000000780300000| Untracked 
|   4|0x0000000780400000, 0x0000000780400000, 0x0000000780500000|  0%| F|  |TAMS 0x0000000780400000, 0x0000000780400000| Untracked 
|   5|0x0000000780500000, 0x0000000780500000, 0x0000000780600000|  0%| F|  |TAMS 0x0000000780500000, 0x0000000780500000| Untracked 
|   6|0x0000000780600000, 0x0000000780600000, 0x0000000780700000|  0%| F|  |TAMS 0x0000000780600000, 0x0000000780600000| Untracked 
|   7|0x0000000780700000, 0x0000000780700000, 0x0000000780800000|  0%| F|  |TAMS 0x0000000780700000, 0x0000000780700000| Untracked 
|   8|0x0000000780800000, 0x0000000780800000, 0x0000000780900000|  0%| F|  |TAMS 0x0000000780800000, 0x0000000780800000| Untracked 
|   9|0x0000000780900000, 0x0000000780900000, 0x0000000780a00000|  0%| F|  |TAMS 0x0000000780900000, 0x0000000780900000| Untracked 
|  10|0x0000000780a00000, 0x0000000780a00000, 0x0000000780b00000|  0%| F|  |TAMS 0x0000000780a00000, 0x0000000780a00000| Untracked 
|  11|0x0000000780b00000, 0x0000000780b00000, 0x0000000780c00000|  0%| F|  |TAMS 0x0000000780b00000, 0x0000000780b00000| Untracked 
|  12|0x0000000780c00000, 0x0000000780c00000, 0x0000000780d00000|  0%| F|  |TAMS 0x0000000780c00000, 0x0000000780c00000| Untracked 
|  13|0x0000000780d00000, 0x0000000780d00000, 0x0000000780e00000|  0%| F|  |TAMS 0x0000000780d00000, 0x0000000780d00000| Untracked 
|  14|0x0000000780e00000, 0x0000000780e00000, 0x0000000780f00000|  0%| F|  |TAMS 0x0000000780e00000, 0x0000000780e00000| Untracked 
|  15|0x0000000780f00000, 0x0000000780f00000, 0x0000000781000000|  0%| F|  |TAMS 0x0000000780f00000, 0x0000000780f00000| Untracked 
|  16|0x0000000781000000, 0x0000000781000000, 0x0000000781100000|  0%| F|  |TAMS 0x0000000781000000, 0x0000000781000000| Untracked 
|  17|0x0000000781100000, 0x0000000781100000, 0x0000000781200000|  0%| F|  |TAMS 0x0000000781100000, 0x0000000781100000| Untracked 
|  18|0x0000000781200000, 0x0000000781200000, 0x0000000781300000|  0%| F|  |TAMS 0x0000000781200000, 0x0000000781200000| Untracked 
|  19|0x0000000781300000, 0x0000000781300000, 0x0000000781400000|  0%| F|  |TAMS 0x0000000781300000, 0x0000000781300000| Untracked 
|  20|0x0000000781400000, 0x0000000781400000, 0x0000000781500000|  0%| F|  |TAMS 0x0000000781400000, 0x0000000781400000| Untracked 
|  21|0x0000000781500000, 0x0000000781500000, 0x0000000781600000|  0%| F|  |TAMS 0x0000000781500000, 0x0000000781500000| Untracked 
|  22|0x0000000781600000, 0x0000000781600000, 0x0000000781700000|  0%| F|  |TAMS 0x0000000781600000, 0x0000000781600000| Untracked 
|  23|0x0000000781700000, 0x0000000781700000, 0x0000000781800000|  0%| F|  |TAMS 0x0000000781700000, 0x0000000781700000| Untracked 
|  24|0x0000000781800000, 0x0000000781800000, 0x0000000781900000|  0%| F|  |TAMS 0x0000000781800000, 0x0000000781800000| Untracked 
|  25|0x0000000781900000, 0x0000000781900000, 0x0000000781a00000|  0%| F|  |TAMS 0x0000000781900000, 0x0000000781900000| Untracked 
|  26|0x0000000781a00000, 0x0000000781a00000, 0x0000000781b00000|  0%| F|  |TAMS 0x0000000781a00000, 0x0000000781a00000| Untracked 
|  27|0x0000000781b00000, 0x0000000781b00000, 0x0000000781c00000|  0%| F|  |TAMS 0x0000000781b00000, 0x0000000781b00000| Untracked 
|  28|0x0000000781c00000, 0x0000000781c00000, 0x0000000781d00000|  0%| F|  |TAMS 0x0000000781c00000, 0x0000000781c00000| Untracked 
|  29|0x0000000781d00000, 0x0000000781d00000, 0x0000000781e00000|  0%| F|  |TAMS 0x0000000781d00000, 0x0000000781d00000| Untracked 
|  30|0x0000000781e00000, 0x0000000781e00000, 0x0000000781f00000|  0%| F|  |TAMS 0x0000000781e00000, 0x0000000781e00000| Untracked 
|  31|0x0000000781f00000, 0x0000000781f00000, 0x0000000782000000|  0%| F|  |TAMS 0x0000000781f00000, 0x0000000781f00000| Untracked 
|  32|0x0000000782000000, 0x0000000782000000, 0x0000000782100000|  0%| F|  |TAMS 0x0000000782000000, 0x0000000782000000| Untracked 
|  33|0x0000000782100000, 0x0000000782100000, 0x0000000782200000|  0%| F|  |TAMS 0x0000000782100000, 0x0000000782100000| Untracked 
|  34|0x0000000782200000, 0x0000000782200000, 0x0000000782300000|  0%| F|  |TAMS 0x0000000782200000, 0x0000000782200000| Untracked 
|  35|0x0000000782300000, 0x0000000782300000, 0x0000000782400000|  0%| F|  |TAMS 0x0000000782300000, 0x0000000782300000| Untracked 
|  36|0x0000000782400000, 0x0000000782400000, 0x0000000782500000|  0%| F|  |TAMS 0x0000000782400000, 0x0000000782400000| Untracked 
|  37|0x0000000782500000, 0x0000000782500000, 0x0000000782600000|  0%| F|  |TAMS 0x0000000782500000, 0x0000000782500000| Untracked 
|  38|0x0000000782600000, 0x0000000782600000, 0x0000000782700000|  0%| F|  |TAMS 0x0000000782600000, 0x0000000782600000| Untracked 
|  39|0x0000000782700000, 0x0000000782700000, 0x0000000782800000|  0%| F|  |TAMS 0x0000000782700000, 0x0000000782700000| Untracked 
|  40|0x0000000782800000, 0x0000000782800000, 0x0000000782900000|  0%| F|  |TAMS 0x0000000782800000, 0x0000000782800000| Untracked 
|  41|0x0000000782900000, 0x0000000782900000, 0x0000000782a00000|  0%| F|  |TAMS 0x0000000782900000, 0x0000000782900000| Untracked 
|  42|0x0000000782a00000, 0x0000000782a00000, 0x0000000782b00000|  0%| F|  |TAMS 0x0000000782a00000, 0x0000000782a00000| Untracked 
|  43|0x0000000782b00000, 0x0000000782b00000, 0x0000000782c00000|  0%| F|  |TAMS 0x0000000782b00000, 0x0000000782b00000| Untracked 
|  44|0x0000000782c00000, 0x0000000782c00000, 0x0000000782d00000|  0%| F|  |TAMS 0x0000000782c00000, 0x0000000782c00000| Untracked 
|  45|0x0000000782d00000, 0x0000000782d00000, 0x0000000782e00000|  0%| F|  |TAMS 0x0000000782d00000, 0x0000000782d00000| Untracked 
|  46|0x0000000782e00000, 0x0000000782e00000, 0x0000000782f00000|  0%| F|  |TAMS 0x0000000782e00000, 0x0000000782e00000| Untracked 
|  47|0x0000000782f00000, 0x0000000782f00000, 0x0000000783000000|  0%| F|  |TAMS 0x0000000782f00000, 0x0000000782f00000| Untracked 
|  48|0x0000000783000000, 0x0000000783000000, 0x0000000783100000|  0%| F|  |TAMS 0x0000000783000000, 0x0000000783000000| Untracked 
|  49|0x0000000783100000, 0x0000000783100000, 0x0000000783200000|  0%| F|  |TAMS 0x0000000783100000, 0x0000000783100000| Untracked 
|  50|0x0000000783200000, 0x0000000783200000, 0x0000000783300000|  0%| F|  |TAMS 0x0000000783200000, 0x0000000783200000| Untracked 
|  51|0x0000000783300000, 0x0000000783300000, 0x0000000783400000|  0%| F|  |TAMS 0x0000000783300000, 0x0000000783300000| Untracked 
|  52|0x0000000783400000, 0x0000000783400000, 0x0000000783500000|  0%| F|  |TAMS 0x0000000783400000, 0x0000000783400000| Untracked 
|  53|0x0000000783500000, 0x0000000783500000, 0x0000000783600000|  0%| F|  |TAMS 0x0000000783500000, 0x0000000783500000| Untracked 
|  54|0x0000000783600000, 0x0000000783600000, 0x0000000783700000|  0%| F|  |TAMS 0x0000000783600000, 0x0000000783600000| Untracked 
|  55|0x0000000783700000, 0x0000000783700000, 0x0000000783800000|  0%| F|  |TAMS 0x0000000783700000, 0x0000000783700000| Untracked 
|  56|0x0000000783800000, 0x0000000783800000, 0x0000000783900000|  0%| F|  |TAMS 0x0000000783800000, 0x0000000783800000| Untracked 
|  57|0x0000000783900000, 0x0000000783900000, 0x0000000783a00000|  0%| F|  |TAMS 0x0000000783900000, 0x0000000783900000| Untracked 
|  58|0x0000000783a00000, 0x0000000783a00000, 0x0000000783b00000|  0%| F|  |TAMS 0x0000000783a00000, 0x0000000783a00000| Untracked 
|  59|0x0000000783b00000, 0x0000000783b00000, 0x0000000783c00000|  0%| F|  |TAMS 0x0000000783b00000, 0x0000000783b00000| Untracked 
|  60|0x0000000783c00000, 0x0000000783c00000, 0x0000000783d00000|  0%| F|  |TAMS 0x0000000783c00000, 0x0000000783c00000| Untracked 
|  61|0x0000000783d00000, 0x0000000783d00000, 0x0000000783e00000|  0%| F|  |TAMS 0x0000000783d00000, 0x0000000783d00000| Untracked 
|  62|0x0000000783e00000, 0x0000000783e00000, 0x0000000783f00000|  0%| F|  |TAMS 0x0000000783e00000, 0x0000000783e00000| Untracked 
|  63|0x0000000783f00000, 0x0000000783f00000, 0x0000000784000000|  0%| F|  |TAMS 0x0000000783f00000, 0x0000000783f00000| Untracked 
|  64|0x0000000784000000, 0x0000000784000000, 0x0000000784100000|  0%| F|  |TAMS 0x0000000784000000, 0x0000000784000000| Untracked 
|  65|0x0000000784100000, 0x0000000784100000, 0x0000000784200000|  0%| F|  |TAMS 0x0000000784100000, 0x0000000784100000| Untracked 
|  66|0x0000000784200000, 0x0000000784200000, 0x0000000784300000|  0%| F|  |TAMS 0x0000000784200000, 0x0000000784200000| Untracked 
|  67|0x0000000784300000, 0x0000000784300000, 0x0000000784400000|  0%| F|  |TAMS 0x0000000784300000, 0x0000000784300000| Untracked 
|  68|0x0000000784400000, 0x0000000784400000, 0x0000000784500000|  0%| F|  |TAMS 0x0000000784400000, 0x0000000784400000| Untracked 
|  69|0x0000000784500000, 0x0000000784500000, 0x0000000784600000|  0%| F|  |TAMS 0x0000000784500000, 0x0000000784500000| Untracked 
|  70|0x0000000784600000, 0x0000000784600000, 0x0000000784700000|  0%| F|  |TAMS 0x0000000784600000, 0x0000000784600000| Untracked 
|  71|0x0000000784700000, 0x0000000784700000, 0x0000000784800000|  0%| F|  |TAMS 0x0000000784700000, 0x0000000784700000| Untracked 
|  72|0x0000000784800000, 0x0000000784800000, 0x0000000784900000|  0%| F|  |TAMS 0x0000000784800000, 0x0000000784800000| Untracked 
|  73|0x0000000784900000, 0x0000000784900000, 0x0000000784a00000|  0%| F|  |TAMS 0x0000000784900000, 0x0000000784900000| Untracked 
|  74|0x0000000784a00000, 0x0000000784a00000, 0x0000000784b00000|  0%| F|  |TAMS 0x0000000784a00000, 0x0000000784a00000| Untracked 
|  75|0x0000000784b00000, 0x0000000784b00000, 0x0000000784c00000|  0%| F|  |TAMS 0x0000000784b00000, 0x0000000784b00000| Untracked 
|  76|0x0000000784c00000, 0x0000000784c00000, 0x0000000784d00000|  0%| F|  |TAMS 0x0000000784c00000, 0x0000000784c00000| Untracked 
|  77|0x0000000784d00000, 0x0000000784d00000, 0x0000000784e00000|  0%| F|  |TAMS 0x0000000784d00000, 0x0000000784d00000| Untracked 
|  78|0x0000000784e00000, 0x0000000784e00000, 0x0000000784f00000|  0%| F|  |TAMS 0x0000000784e00000, 0x0000000784e00000| Untracked 
|  79|0x0000000784f00000, 0x0000000784f00000, 0x0000000785000000|  0%| F|  |TAMS 0x0000000784f00000, 0x0000000784f00000| Untracked 
|  80|0x0000000785000000, 0x0000000785000000, 0x0000000785100000|  0%| F|  |TAMS 0x0000000785000000, 0x0000000785000000| Untracked 
|  81|0x0000000785100000, 0x0000000785100000, 0x0000000785200000|  0%| F|  |TAMS 0x0000000785100000, 0x0000000785100000| Untracked 
|  82|0x0000000785200000, 0x0000000785200000, 0x0000000785300000|  0%| F|  |TAMS 0x0000000785200000, 0x0000000785200000| Untracked 
|  83|0x0000000785300000, 0x0000000785300000, 0x0000000785400000|  0%| F|  |TAMS 0x0000000785300000, 0x0000000785300000| Untracked 
|  84|0x0000000785400000, 0x0000000785400000, 0x0000000785500000|  0%| F|  |TAMS 0x0000000785400000, 0x0000000785400000| Untracked 
|  85|0x0000000785500000, 0x0000000785500000, 0x0000000785600000|  0%| F|  |TAMS 0x0000000785500000, 0x0000000785500000| Untracked 
|  86|0x0000000785600000, 0x0000000785600000, 0x0000000785700000|  0%| F|  |TAMS 0x0000000785600000, 0x0000000785600000| Untracked 
|  87|0x0000000785700000, 0x0000000785700000, 0x0000000785800000|  0%| F|  |TAMS 0x0000000785700000, 0x0000000785700000| Untracked 
|  88|0x0000000785800000, 0x0000000785800000, 0x0000000785900000|  0%| F|  |TAMS 0x0000000785800000, 0x0000000785800000| Untracked 
|  89|0x0000000785900000, 0x0000000785900000, 0x0000000785a00000|  0%| F|  |TAMS 0x0000000785900000, 0x0000000785900000| Untracked 
|  90|0x0000000785a00000, 0x0000000785a00000, 0x0000000785b00000|  0%| F|  |TAMS 0x0000000785a00000, 0x0000000785a00000| Untracked 
|  91|0x0000000785b00000, 0x0000000785b00000, 0x0000000785c00000|  0%| F|  |TAMS 0x0000000785b00000, 0x0000000785b00000| Untracked 
|  92|0x0000000785c00000, 0x0000000785c00000, 0x0000000785d00000|  0%| F|  |TAMS 0x0000000785c00000, 0x0000000785c00000| Untracked 
|  93|0x0000000785d00000, 0x0000000785d00000, 0x0000000785e00000|  0%| F|  |TAMS 0x0000000785d00000, 0x0000000785d00000| Untracked 
|  94|0x0000000785e00000, 0x0000000785e00000, 0x0000000785f00000|  0%| F|  |TAMS 0x0000000785e00000, 0x0000000785e00000| Untracked 
|  95|0x0000000785f00000, 0x0000000785f00000, 0x0000000786000000|  0%| F|  |TAMS 0x0000000785f00000, 0x0000000785f00000| Untracked 
|  96|0x0000000786000000, 0x0000000786000000, 0x0000000786100000|  0%| F|  |TAMS 0x0000000786000000, 0x0000000786000000| Untracked 
|  97|0x0000000786100000, 0x0000000786100000, 0x0000000786200000|  0%| F|  |TAMS 0x0000000786100000, 0x0000000786100000| Untracked 
|  98|0x0000000786200000, 0x0000000786200000, 0x0000000786300000|  0%| F|  |TAMS 0x0000000786200000, 0x0000000786200000| Untracked 
|  99|0x0000000786300000, 0x0000000786300000, 0x0000000786400000|  0%| F|  |TAMS 0x0000000786300000, 0x0000000786300000| Untracked 
| 100|0x0000000786400000, 0x0000000786400000, 0x0000000786500000|  0%| F|  |TAMS 0x0000000786400000, 0x0000000786400000| Untracked 
| 101|0x0000000786500000, 0x0000000786500000, 0x0000000786600000|  0%| F|  |TAMS 0x0000000786500000, 0x0000000786500000| Untracked 
| 102|0x0000000786600000, 0x0000000786600000, 0x0000000786700000|  0%| F|  |TAMS 0x0000000786600000, 0x0000000786600000| Untracked 
| 103|0x0000000786700000, 0x0000000786700000, 0x0000000786800000|  0%| F|  |TAMS 0x0000000786700000, 0x0000000786700000| Untracked 
| 104|0x0000000786800000, 0x0000000786800000, 0x0000000786900000|  0%| F|  |TAMS 0x0000000786800000, 0x0000000786800000| Untracked 
| 105|0x0000000786900000, 0x0000000786900000, 0x0000000786a00000|  0%| F|  |TAMS 0x0000000786900000, 0x0000000786900000| Untracked 
| 106|0x0000000786a00000, 0x0000000786a00000, 0x0000000786b00000|  0%| F|  |TAMS 0x0000000786a00000, 0x0000000786a00000| Untracked 
| 107|0x0000000786b00000, 0x0000000786b00000, 0x0000000786c00000|  0%| F|  |TAMS 0x0000000786b00000, 0x0000000786b00000| Untracked 
| 108|0x0000000786c00000, 0x0000000786c00000, 0x0000000786d00000|  0%| F|  |TAMS 0x0000000786c00000, 0x0000000786c00000| Untracked 
| 109|0x0000000786d00000, 0x0000000786d00000, 0x0000000786e00000|  0%| F|  |TAMS 0x0000000786d00000, 0x0000000786d00000| Untracked 
| 110|0x0000000786e00000, 0x0000000786e00000, 0x0000000786f00000|  0%| F|  |TAMS 0x0000000786e00000, 0x0000000786e00000| Untracked 
| 111|0x0000000786f00000, 0x0000000786f00000, 0x0000000787000000|  0%| F|  |TAMS 0x0000000786f00000, 0x0000000786f00000| Untracked 
| 112|0x0000000787000000, 0x0000000787000000, 0x0000000787100000|  0%| F|  |TAMS 0x0000000787000000, 0x0000000787000000| Untracked 
| 113|0x0000000787100000, 0x0000000787100000, 0x0000000787200000|  0%| F|  |TAMS 0x0000000787100000, 0x0000000787100000| Untracked 
| 114|0x0000000787200000, 0x0000000787200000, 0x0000000787300000|  0%| F|  |TAMS 0x0000000787200000, 0x0000000787200000| Untracked 
| 115|0x0000000787300000, 0x0000000787300000, 0x0000000787400000|  0%| F|  |TAMS 0x0000000787300000, 0x0000000787300000| Untracked 
| 116|0x0000000787400000, 0x0000000787400000, 0x0000000787500000|  0%| F|  |TAMS 0x0000000787400000, 0x0000000787400000| Untracked 
| 117|0x0000000787500000, 0x0000000787500000, 0x0000000787600000|  0%| F|  |TAMS 0x0000000787500000, 0x0000000787500000| Untracked 
| 118|0x0000000787600000, 0x0000000787600000, 0x0000000787700000|  0%| F|  |TAMS 0x0000000787600000, 0x0000000787600000| Untracked 
| 119|0x0000000787700000, 0x0000000787700000, 0x0000000787800000|  0%| F|  |TAMS 0x0000000787700000, 0x0000000787700000| Untracked 
| 120|0x0000000787800000, 0x0000000787800000, 0x0000000787900000|  0%| F|  |TAMS 0x0000000787800000, 0x0000000787800000| Untracked 
| 121|0x0000000787900000, 0x0000000787900000, 0x0000000787a00000|  0%| F|  |TAMS 0x0000000787900000, 0x0000000787900000| Untracked 
| 122|0x0000000787a00000, 0x0000000787a00000, 0x0000000787b00000|  0%| F|  |TAMS 0x0000000787a00000, 0x0000000787a00000| Untracked 
| 123|0x0000000787b00000, 0x0000000787b00000, 0x0000000787c00000|  0%| F|  |TAMS 0x0000000787b00000, 0x0000000787b00000| Untracked 
| 124|0x0000000787c00000, 0x0000000787cf1070, 0x0000000787d00000| 94%| E|  |TAMS 0x0000000787c00000, 0x0000000787c00000| Complete 
| 125|0x0000000787d00000, 0x0000000787e00000, 0x0000000787e00000|100%| E|CS|TAMS 0x0000000787d00000, 0x0000000787d00000| Complete 
| 126|0x0000000787e00000, 0x0000000787f00000, 0x0000000787f00000|100%| E|CS|TAMS 0x0000000787e00000, 0x0000000787e00000| Complete 
| 127|0x0000000787f00000, 0x0000000788000000, 0x0000000788000000|100%| E|CS|TAMS 0x0000000787f00000, 0x0000000787f00000| Complete 
|1022|0x00000007bfe00000, 0x00000007bfe51000, 0x00000007bff00000| 31%|OA|  |TAMS 0x00000007bfe00000, 0x00000007bfe00000| Untracked 
|1023|0x00000007bff00000, 0x00000007bff79000, 0x00000007c0000000| 47%|CA|  |TAMS 0x00000007bff00000, 0x00000007bff00000| Untracked 

Card table byte_map: [0x0000000128565000,0x0000000128965000] _byte_map_base: 0x0000000124965000

Marking Bits (Prev, Next): (CMBitMap*) 0x00007fef65809810, (CMBitMap*) 0x00007fef65809850
 Prev Bits: [0x0000000128d65000, 0x000000012ad65000)
 Next Bits: [0x000000012ad65000, 0x000000012cd65000)

Polling page: 0x0000000102305000

Metaspace:

Usage:
  Non-class:      4.03 MB capacity,     1.06 MB ( 26%) used,     2.96 MB ( 74%) free+waste,   896 bytes ( <1%) overhead. 
      Class:    394.00 KB capacity,   116.16 KB ( 29%) used,   277.34 KB ( 70%) free+waste,   512 bytes ( <1%) overhead. 
       Both:      4.41 MB capacity,     1.18 MB ( 27%) used,     3.23 MB ( 73%) free+waste,     1.38 KB ( <1%) overhead. 

Virtual space:
  Non-class space:        8.00 MB reserved,       4.25 MB ( 53%) committed 
      Class space:        1.00 GB reserved,     512.00 KB ( <1%) committed 
             Both:        1.01 GB reserved,       4.75 MB ( <1%) committed 

Chunk freelists:
   Non-Class:  0 bytes
       Class:  0 bytes
        Both:  0 bytes

MaxMetaspaceSize: 17179869184.00 GB
CompressedClassSpaceSize: 1.00 GB

CodeHeap 'non-profiled nmethods': size=120028Kb used=84Kb max_used=84Kb free=119943Kb
 bounds [0x0000000120a58000, 0x0000000120cc8000, 0x0000000127f8f000]
CodeHeap 'profiled nmethods': size=120028Kb used=396Kb max_used=396Kb free=119631Kb
 bounds [0x0000000119521000, 0x0000000119791000, 0x0000000120a58000]
CodeHeap 'non-nmethods': size=5704Kb used=1129Kb max_used=1143Kb free=4574Kb
 bounds [0x0000000118f8f000, 0x00000001191ff000, 0x0000000119521000]
 total_blobs=688 nmethods=307 adapters=296
 compilation: enabled
              stopped_count=0, restarted_count=0
 full_count=0

Compilation events (20 events):
Event: 1.244 Thread 0x00007fef25008200  297       1       java.util.LinkedHashMap::removeEldestEntry (2 bytes)
Event: 1.244 Thread 0x00007fef25008a00  298       4       java.util.HashMap$Node::<init> (26 bytes)
Event: 1.244 Thread 0x00007fef25008200 nmethod 297 0x0000000120a6c690 code [0x0000000120a6c820, 0x0000000120a6c8d0]
Event: 1.244 Thread 0x00007fef25008200  301       3       java.util.LinkedHashMap::linkNodeLast (33 bytes)
Event: 1.245 Thread 0x00007fef25008200 nmethod 301 0x000000011957ef10 code [0x000000011957f0c0, 0x000000011957f3b0]
Event: 1.245 Thread 0x00007fef25008200  302       3       java.util.LinkedHashMap::afterNodeInsertion (40 bytes)
Event: 1.245 Thread 0x00007fef25008200 nmethod 302 0x000000011957f490 code [0x000000011957f620, 0x000000011957f7f0]
Event: 1.245 Thread 0x00007fef25008200  299       3       java.util.LinkedHashMap::newNode (23 bytes)
Event: 1.245 Thread 0x00007fef25008200 nmethod 299 0x000000011957f890 code [0x000000011957fa40, 0x000000011957fe40]
Event: 1.245 Thread 0x00007fef25008200  300       3       java.util.LinkedHashMap$Entry::<init> (10 bytes)
Event: 1.245 Thread 0x00007fef25008200 nmethod 300 0x0000000119580010 code [0x00000001195801c0, 0x00000001195804b0]
Event: 1.245 Thread 0x00007fef25008200  303       3       jdk.internal.misc.Unsafe::putReferenceRelease (9 bytes)
Event: 1.245 Thread 0x00007fef25008200 nmethod 303 0x0000000119580590 code [0x0000000119580720, 0x0000000119580870]
Event: 1.245 Thread 0x00007fef25008200  305       3       java.util.concurrent.ConcurrentHashMap::setTabAt (20 bytes)
Event: 1.246 Thread 0x00007fef25008200 nmethod 305 0x0000000119580910 code [0x0000000119580aa0, 0x0000000119580cc0]
Event: 1.246 Thread 0x00007fef25008a00 nmethod 298 0x0000000120a6cd90 code [0x0000000120a6cf00, 0x0000000120a6d238]
Event: 1.246 Thread 0x00007fef25008200  306       3       java.lang.StringLatin1::inflate (34 bytes)
Event: 1.246 Thread 0x00007fef25008200 nmethod 306 0x0000000119580d90 code [0x0000000119580f40, 0x0000000119581130]
Event: 1.246 Thread 0x00007fef25008200  307       3       java.util.Properties::saveConvert (434 bytes)
Event: 1.247 Thread 0x00007fef25008200 nmethod 307 0x0000000119581290 code [0x0000000119581740, 0x00000001195836a0]

GC Heap History (0 events):
No events

Deoptimization events (4 events):
Event: 0.186 Thread 0x00007fef6680d400 Uncommon trap: trap_request=0xfffffff4 fr.pc=0x0000000120a65210 relative=0x0000000000000190
Event: 0.186 Thread 0x00007fef6680d400 Uncommon trap: reason=null_check action=make_not_entrant pc=0x0000000120a65210 method=java.lang.String.equals(Ljava/lang/Object;)Z @ 8 c2
Event: 0.186 Thread 0x00007fef6680d400 DEOPT PACKING pc=0x0000000120a65210 sp=0x0000000308933650
Event: 0.186 Thread 0x00007fef6680d400 DEOPT UNPACKING pc=0x0000000118fdce1f sp=0x0000000308933618 mode 2

Classes unloaded (0 events):
No events

Classes redefined (0 events):
No events

Internal exceptions (4 events):
Event: 0.185 Thread 0x00007fef6680d400 Implicit null exception at 0x0000000120a650b5 to 0x0000000120a65200
Event: 0.210 Thread 0x00007fef6684d000 Exception <a 'java/lang/NoSuchMethodError'{0x0000000787ef3150}: 'java.lang.Object java.lang.invoke.DirectMethodHandle$Holder.invokeStatic(java.lang.Object)'> (0x0000000787ef3150) 
thrown [./open/src/hotspot/share/interpreter/linkResolver.cpp, line 782]
Event: 0.214 Thread 0x00007fef6684d000 Exception <a 'java/lang/NoSuchMethodError'{0x0000000787ef6938}: 'java.lang.Object java.lang.invoke.DirectMethodHandle$Holder.invokeStaticInit(java.lang.Object)'> (0x0000000787ef6938) 
thrown [./open/src/hotspot/share/interpreter/linkResolver.cpp, line 782]
Event: 0.242 Thread 0x00007fef6684d000 Exception <a 'java/lang/NoSuchMethodError'{0x0000000787d060d0}: 'void java.lang.invoke.DirectMethodHandle$Holder.invokeStatic(java.lang.Object, java.lang.Object)'> (0x0000000787d060d0) 
thrown [./open/src/hotspot/share/interpreter/linkResolver.cpp, line 782]

Events (20 events):
Event: 1.236 loading class sun/util/cldr/CLDRTimeZoneNameProviderImpl
Event: 1.236 loading class sun/util/locale/provider/TimeZoneNameProviderImpl
Event: 1.236 loading class sun/util/locale/provider/TimeZoneNameProviderImpl done
Event: 1.236 loading class sun/util/cldr/CLDRTimeZoneNameProviderImpl done
Event: 1.240 loading class sun/util/locale/provider/BaseLocaleDataMetaInfo
Event: 1.240 loading class sun/util/locale/provider/BaseLocaleDataMetaInfo done
Event: 1.243 loading class sun/util/resources/cldr/TimeZoneNames
Event: 1.243 loading class sun/util/resources/TimeZoneNamesBundle
Event: 1.243 loading class sun/util/resources/OpenListResourceBundle
Event: 1.243 loading class sun/util/resources/OpenListResourceBundle done
Event: 1.243 loading class sun/util/resources/TimeZoneNamesBundle done
Event: 1.243 loading class sun/util/resources/cldr/TimeZoneNames done
Event: 1.243 loading class sun/util/resources/cldr/TimeZoneNames_en
Event: 1.243 loading class sun/util/resources/cldr/TimeZoneNames_en done
Event: 1.243 loading class sun/util/resources/cldr/TimeZoneNames_en_US
Event: 1.243 loading class sun/util/resources/cldr/TimeZoneNames_en_US done
Event: 1.244 loading class java/util/LinkedHashMap$LinkedKeySet
Event: 1.244 loading class java/util/LinkedHashMap$LinkedKeySet done
Event: 4.634 loading class java/util/regex/Pattern$1
Event: 4.634 loading class java/util/regex/Pattern$1 done


Dynamic libraries:
0x00007ffdffd6e000 	/Library/Apple/usr/libexec/oah/runtime
0x00007fff2a620000 	/usr/lib/libz.1.dylib
0x000000010a5a9000 	/Users/aizhanbaktygulova/Library/Java/JavaVirtualMachines/openjdk-15.0.2/Contents/Home/lib/libjli.dylib
0x00007fff35258000 	/System/Library/Frameworks/Cocoa.framework/Versions/A/Cocoa
0x00007fff22190000 	/System/Library/Frameworks/Security.framework/Versions/A/Security
0x00007fff334a7000 	/System/Library/Frameworks/ApplicationServices.framework/Versions/A/ApplicationServices
0x00007fff2a6ec000 	/usr/lib/libSystem.B.dylib
0x00007fff2a6e6000 	/usr/lib/system/libcache.dylib
0x00007fff2a6a2000 	/usr/lib/system/libcommonCrypto.dylib
0x00007fff2a6cc000 	/usr/lib/system/libcompiler_rt.dylib
0x00007fff2a6c1000 	/usr/lib/system/libcopyfile.dylib
0x00007fff20136000 	/usr/lib/system/libcorecrypto.dylib
0x00007fff201ff000 	/usr/lib/system/libdispatch.dylib
0x00007fff203b4000 	/usr/lib/system/libdyld.dylib
0x00007fff2a6dd000 	/usr/lib/system/libkeymgr.dylib
0x00007fff2dc73000 	/usr/lib/system/liblaunch.dylib
0x00007fff2a680000 	/usr/lib/system/libmacho.dylib
0x00007fff29e96000 	/usr/lib/system/libquarantine.dylib
0x00007fff2a6da000 	/usr/lib/system/libremovefile.dylib
0x00007fff24b1d000 	/usr/lib/system/libsystem_asl.dylib
0x00007fff200e6000 	/usr/lib/system/libsystem_blocks.dylib
0x00007fff20281000 	/usr/lib/system/libsystem_c.dylib
0x00007fff2a6d4000 	/usr/lib/system/libsystem_collections.dylib
0x00007fff29283000 	/usr/lib/system/libsystem_configuration.dylib
0x00007fff2856d000 	/usr/lib/system/libsystem_containermanager.dylib
0x00007fff2a418000 	/usr/lib/system/libsystem_coreservices.dylib
0x00007fff22742000 	/usr/lib/system/libsystem_darwin.dylib
0x00007fff2a6de000 	/usr/lib/system/libsystem_dnssd.dylib
0x00007fff2027e000 	/usr/lib/system/libsystem_featureflags.dylib
0x00007fff203f9000 	/usr/lib/system/libsystem_info.dylib
0x00007fff2a633000 	/usr/lib/system/libsystem_m.dylib
0x00007fff201d2000 	/usr/lib/system/libsystem_malloc.dylib
0x00007fff24ab1000 	/usr/lib/system/libsystem_networkextension.dylib
0x00007fff22b5c000 	/usr/lib/system/libsystem_notify.dylib
0x00007fff30111000 	/usr/lib/system/libsystem_product_info_filter.dylib
0x00007fff29287000 	/usr/lib/system/libsystem_sandbox.dylib
0x00007fff2a6d7000 	/usr/lib/system/libsystem_secinit.dylib
0x00007fff20379000 	/usr/lib/system/libsystem_kernel.dylib
0x00007fff203ef000 	/usr/lib/system/libsystem_platform.dylib
0x00007fff203a8000 	/usr/lib/system/libsystem_pthread.dylib
0x00007fff26243000 	/usr/lib/system/libsystem_symptoms.dylib
0x00007fff2011e000 	/usr/lib/system/libsystem_trace.dylib
0x00007fff2a6ae000 	/usr/lib/system/libunwind.dylib
0x00007fff200e8000 	/usr/lib/system/libxpc.dylib
0x00007fff20360000 	/usr/lib/libc++abi.dylib
0x00007fff20244000 	/usr/lib/libobjc.A.dylib
0x00007fff2a6b9000 	/usr/lib/liboah.dylib
0x00007fff2030a000 	/usr/lib/libc++.1.dylib
0x00007fff20425000 	/System/Library/Frameworks/CoreFoundation.framework/Versions/A/CoreFoundation
0x00007fff21104000 	/System/Library/Frameworks/Foundation.framework/Versions/C/Foundation
0x00007fff22bb4000 	/System/Library/Frameworks/AppKit.framework/Versions/C/AppKit
0x00007fff25a63000 	/System/Library/Frameworks/CoreData.framework/Versions/A/CoreData
0x00007fff23911000 	/System/Library/PrivateFrameworks/UIFoundation.framework/Versions/A/UIFoundation
0x00007fff2fe8a000 	/System/Library/PrivateFrameworks/RemoteViewServices.framework/Versions/A/RemoteViewServices
0x00007fff28c3c000 	/System/Library/PrivateFrameworks/XCTTargetBootstrap.framework/Versions/A/XCTTargetBootstrap
0x00007fff2b989000 	/usr/lib/libspindump.dylib
0x00007fff23b65000 	/System/Library/Frameworks/UniformTypeIdentifiers.framework/Versions/A/UniformTypeIdentifiers
0x00007fff2740e000 	/usr/lib/libapp_launch_measurement.dylib
0x00007fff27411000 	/System/Library/PrivateFrameworks/CoreAutoLayout.framework/Versions/A/CoreAutoLayout
0x00007fff2859d000 	/System/Library/Frameworks/Metal.framework/Versions/A/Metal
0x00007fff29292000 	/usr/lib/liblangid.dylib
0x00007fff28c40000 	/System/Library/PrivateFrameworks/CoreSVG.framework/Versions/A/CoreSVG
0x00007fff24b4c000 	/System/Library/PrivateFrameworks/SkyLight.framework/Versions/A/SkyLight
0x00007fff24eab000 	/System/Library/Frameworks/CoreGraphics.framework/Versions/A/CoreGraphics
0x00007fff304e1000 	/System/Library/Frameworks/Accelerate.framework/Versions/A/Accelerate
0x00007fff2b3c4000 	/System/Library/PrivateFrameworks/IconServices.framework/Versions/A/IconServices
0x00007fff2857e000 	/System/Library/Frameworks/IOSurface.framework/Versions/A/IOSurface
0x00007fff263f5000 	/usr/lib/libDiagnosticMessagesClient.dylib
0x00007fff28c28000 	/System/Library/PrivateFrameworks/DFRFoundation.framework/Versions/A/DFRFoundation
0x00007fff224e0000 	/usr/lib/libicucore.A.dylib
0x00007fff2cec4000 	/System/Library/Frameworks/AudioToolbox.framework/Versions/A/AudioToolbox
0x00007fff2c16f000 	/System/Library/PrivateFrameworks/DataDetectorsCore.framework/Versions/A/DataDetectorsCore
0x00007fff28928000 	/System/Library/Frameworks/Carbon.framework/Versions/A/Frameworks/HIToolbox.framework/Versions/A/HIToolbox
0x00007fff26e71000 	/System/Library/Frameworks/QuartzCore.framework/Versions/A/QuartzCore
0x00007fff2fec6000 	/System/Library/Frameworks/Carbon.framework/Versions/A/Frameworks/SpeechRecognition.framework/Versions/A/SpeechRecognition
0x00007fff27176000 	/System/Library/PrivateFrameworks/CoreUI.framework/Versions/A/CoreUI
0x00007fff21aec000 	/System/Library/Frameworks/CoreAudio.framework/Versions/A/CoreAudio
0x00007fff264e0000 	/System/Library/Frameworks/DiskArbitration.framework/Versions/A/DiskArbitration
0x00007fff2bd81000 	/System/Library/PrivateFrameworks/MultitouchSupport.framework/Versions/A/MultitouchSupport
0x00007fff2c166000 	/System/Library/PrivateFrameworks/InternationalSupport.framework/Versions/A/InternationalSupport
0x00007fff24ac0000 	/usr/lib/libenergytrace.dylib
0x00007fff22aae000 	/System/Library/Frameworks/IOKit.framework/Versions/A/IOKit
0x00007fff30213000 	/System/Library/Frameworks/CoreServices.framework/Versions/A/CoreServices
0x00007fff273a4000 	/System/Library/PrivateFrameworks/PerformanceAnalysis.framework/Versions/A/PerformanceAnalysis
0x00007fff6b707000 	/System/Library/Frameworks/OpenGL.framework/Versions/A/OpenGL
0x00007fff2c1eb000 	/System/Library/PrivateFrameworks/UserActivity.framework/Versions/A/UserActivity
0x00007fff25565000 	/System/Library/Frameworks/ColorSync.framework/Versions/A/ColorSync
0x00007fff28eab000 	/System/Library/Frameworks/CoreImage.framework/Versions/A/CoreImage
0x00007fff21902000 	/System/Library/Frameworks/CoreText.framework/Versions/A/CoreText
0x00007fff28c6a000 	/System/Library/Frameworks/ImageIO.framework/Versions/A/ImageIO
0x00007fff2a6f2000 	/System/Library/PrivateFrameworks/SoftLinking.framework/Versions/A/SoftLinking
0x00007fff2745a000 	/usr/lib/libxml2.2.dylib
0x00007fff2a964000 	/usr/lib/libcompression.dylib
0x00007fff24ac1000 	/usr/lib/libMobileGestalt.dylib
0x00007fff2c099000 	/System/Library/PrivateFrameworks/TextureIO.framework/Versions/A/TextureIO
0x00007fff2b052000 	/usr/lib/libate.dylib
0x00007fff2ad7d000 	/usr/lib/liblzma.5.dylib
0x00007fff20e1a000 	/System/Library/Frameworks/SystemConfiguration.framework/Versions/A/SystemConfiguration
0x00007fff2a6ee000 	/usr/lib/libfakelink.dylib
0x00007fff24613000 	/System/Library/Frameworks/CFNetwork.framework/Versions/A/CFNetwork
0x00007fff2a82e000 	/usr/lib/libarchive.2.dylib
0x00007fff20e97000 	/usr/lib/libCRFSuite.dylib
0x00007fff29ebd000 	/usr/lib/libbsm.0.dylib
0x00007fff23fcf000 	/usr/lib/libnetwork.dylib
0x00007fff2a6f3000 	/usr/lib/libpcap.A.dylib
0x00007fff2623c000 	/usr/lib/libdns_services.dylib
0x00007fff2ad96000 	/usr/lib/libcoretls_cfhelpers.dylib
0x00007fff2a932000 	/usr/lib/libapple_nghttp2.dylib
0x00007fff2a686000 	/usr/lib/system/libkxld.dylib
0x00007fff25eaa000 	/usr/lib/libsqlite3.dylib
0x00007fff2a3fa000 	/System/Library/PrivateFrameworks/AppleFSCompression.framework/Versions/A/AppleFSCompression
0x00007fff29ea5000 	/usr/lib/libcoretls.dylib
0x00007fff2a95f000 	/usr/lib/libpam.2.dylib
0x00007fff2ae93000 	/usr/lib/libxar.1.dylib
0x00007fff2928e000 	/System/Library/PrivateFrameworks/AppleSystemInfo.framework/Versions/A/AppleSystemInfo
0x00007fff29ae8000 	/System/Library/PrivateFrameworks/IOMobileFramebuffer.framework/Versions/A/IOMobileFramebuffer
0x00007fff2a40a000 	/usr/lib/libbz2.1.0.dylib
0x00007fff2a72b000 	/usr/lib/libiconv.2.dylib
0x00007fff2a67f000 	/usr/lib/libcharset.1.dylib
0x00007fff273e0000 	/System/Library/Frameworks/CoreServices.framework/Versions/A/Frameworks/FSEvents.framework/Versions/A/FSEvents
0x00007fff2274c000 	/System/Library/Frameworks/CoreServices.framework/Versions/A/Frameworks/CarbonCore.framework/Versions/A/CarbonCore
0x00007fff26445000 	/System/Library/Frameworks/CoreServices.framework/Versions/A/Frameworks/Metadata.framework/Versions/A/Metadata
0x00007fff2a41d000 	/System/Library/Frameworks/CoreServices.framework/Versions/A/Frameworks/OSServices.framework/Versions/A/OSServices
0x00007fff2a8a0000 	/System/Library/Frameworks/CoreServices.framework/Versions/A/Frameworks/SearchKit.framework/Versions/A/SearchKit
0x00007fff261c6000 	/System/Library/Frameworks/CoreServices.framework/Versions/A/Frameworks/AE.framework/Versions/A/AE
0x00007fff208c1000 	/System/Library/Frameworks/CoreServices.framework/Versions/A/Frameworks/LaunchServices.framework/Versions/A/LaunchServices
0x00007fff2ad2e000 	/System/Library/Frameworks/CoreServices.framework/Versions/A/Frameworks/DictionaryServices.framework/Versions/A/DictionaryServices
0x00007fff273e9000 	/System/Library/Frameworks/CoreServices.framework/Versions/A/Frameworks/SharedFileList.framework/Versions/A/SharedFileList
0x00007fff29e99000 	/usr/lib/libCheckFix.dylib
0x00007fff24b34000 	/System/Library/PrivateFrameworks/TCC.framework/Versions/A/TCC
0x00007fff29294000 	/System/Library/PrivateFrameworks/CoreNLP.framework/Versions/A/CoreNLP
0x00007fff263f8000 	/System/Library/PrivateFrameworks/MetadataUtilities.framework/Versions/A/MetadataUtilities
0x00007fff20ecd000 	/usr/lib/libmecabra.dylib
0x00007fff2a1ad000 	/System/Library/Frameworks/MLCompute.framework/Versions/A/MLCompute
0x00007fff29ece000 	/usr/lib/libmecab.dylib
0x00007fff29f18000 	/usr/lib/libgermantok.dylib
0x00007fff2a908000 	/usr/lib/libThaiTokenizer.dylib
0x00007fff2aece000 	/usr/lib/libChineseTokenizer.dylib
0x00007fff2a95d000 	/System/Library/Frameworks/MetalPerformanceShaders.framework/Versions/A/MetalPerformanceShaders
0x00007fff264e7000 	/System/Library/Frameworks/Accelerate.framework/Versions/A/Frameworks/vImage.framework/Versions/A/vImage
0x00007fff301ec000 	/System/Library/Frameworks/Accelerate.framework/Versions/A/Frameworks/vecLib.framework/Versions/A/vecLib
0x00007fff2aed9000 	/System/Library/Frameworks/Accelerate.framework/Versions/A/Frameworks/vecLib.framework/Versions/A/libvMisc.dylib
0x00007fff29944000 	/System/Library/Frameworks/Accelerate.framework/Versions/A/Frameworks/vecLib.framework/Versions/A/libvDSP.dylib
0x00007fff20bc4000 	/System/Library/Frameworks/Accelerate.framework/Versions/A/Frameworks/vecLib.framework/Versions/A/libBLAS.dylib
0x00007fff2a983000 	/System/Library/Frameworks/Accelerate.framework/Versions/A/Frameworks/vecLib.framework/Versions/A/libLAPACK.dylib
0x00007fff29f1e000 	/System/Library/Frameworks/Accelerate.framework/Versions/A/Frameworks/vecLib.framework/Versions/A/libLinearAlgebra.dylib
0x00007fff2a94a000 	/System/Library/Frameworks/Accelerate.framework/Versions/A/Frameworks/vecLib.framework/Versions/A/libSparseBLAS.dylib
0x00007fff2a97d000 	/System/Library/Frameworks/Accelerate.framework/Versions/A/Frameworks/vecLib.framework/Versions/A/libQuadrature.dylib
0x00007fff2933c000 	/System/Library/Frameworks/Accelerate.framework/Versions/A/Frameworks/vecLib.framework/Versions/A/libBNNS.dylib
0x00007fff20dab000 	/System/Library/Frameworks/Accelerate.framework/Versions/A/Frameworks/vecLib.framework/Versions/A/libSparse.dylib
0x00007fff29227000 	/System/Library/Frameworks/MetalPerformanceShaders.framework/Versions/A/Frameworks/MPSCore.framework/Versions/A/MPSCore
0x00007fff2a369000 	/System/Library/Frameworks/MetalPerformanceShaders.framework/Versions/A/Frameworks/MPSImage.framework/Versions/A/MPSImage
0x00007fff29f35000 	/System/Library/Frameworks/MetalPerformanceShaders.framework/Versions/A/Frameworks/MPSNeuralNetwork.framework/Versions/A/MPSNeuralNetwork
0x00007fff2a2f4000 	/System/Library/Frameworks/MetalPerformanceShaders.framework/Versions/A/Frameworks/MPSMatrix.framework/Versions/A/MPSMatrix
0x00007fff2a15d000 	/System/Library/Frameworks/MetalPerformanceShaders.framework/Versions/A/Frameworks/MPSRayIntersector.framework/Versions/A/MPSRayIntersector
0x00007fff2a32b000 	/System/Library/Frameworks/MetalPerformanceShaders.framework/Versions/A/Frameworks/MPSNDArray.framework/Versions/A/MPSNDArray
0x00007fff20af0000 	/System/Library/PrivateFrameworks/MetalTools.framework/Versions/A/MetalTools
0x00007fff2928c000 	/System/Library/PrivateFrameworks/AggregateDictionary.framework/Versions/A/AggregateDictionary
0x00007fff263d0000 	/System/Library/PrivateFrameworks/CoreAnalytics.framework/Versions/A/CoreAnalytics
0x00007fff2a90a000 	/System/Library/PrivateFrameworks/AppleSauce.framework/Versions/A/AppleSauce
0x00007fff28590000 	/System/Library/PrivateFrameworks/IOAccelerator.framework/Versions/A/IOAccelerator
0x00007fff6b6fb000 	/System/Library/Frameworks/OpenGL.framework/Versions/A/Libraries/libCoreFSCache.dylib
0x00007fff21468000 	/System/Library/PrivateFrameworks/LanguageModeling.framework/Versions/A/LanguageModeling
0x00007fff29ad5000 	/System/Library/PrivateFrameworks/CoreEmoji.framework/Versions/A/CoreEmoji
0x00007fff29335000 	/System/Library/PrivateFrameworks/LinguisticData.framework/Versions/A/LinguisticData
0x00007fff20d5d000 	/System/Library/PrivateFrameworks/Lexicon.framework/Versions/A/Lexicon
0x00007fff2a81c000 	/usr/lib/libcmph.dylib
0x00007fff273c0000 	/System/Library/Frameworks/OpenDirectory.framework/Versions/A/Frameworks/CFOpenDirectory.framework/Versions/A/CFOpenDirectory
0x00007fff273b0000 	/System/Library/Frameworks/OpenDirectory.framework/Versions/A/OpenDirectory
0x00007fff2ad98000 	/System/Library/PrivateFrameworks/APFS.framework/Versions/A/APFS
0x00007fff29dfa000 	/System/Library/Frameworks/SecurityFoundation.framework/Versions/A/SecurityFoundation
0x00007fff2aea1000 	/usr/lib/libutil.dylib
0x00007fff22a73000 	/System/Library/PrivateFrameworks/CoreServicesStore.framework/Versions/A/CoreServicesStore
0x00007fff29e91000 	/System/Library/Frameworks/ServiceManagement.framework/Versions/A/ServiceManagement
0x00007fff2aea5000 	/usr/lib/libxslt.1.dylib
0x00007fff29e87000 	/System/Library/PrivateFrameworks/BackgroundTaskManagement.framework/Versions/A/BackgroundTaskManagement
0x00007fff2bfe4000 	/System/Library/Frameworks/ImageIO.framework/Versions/A/Resources/libRadiance.dylib
0x00007fff2bfed000 	/System/Library/Frameworks/ImageIO.framework/Versions/A/Resources/libJPEG.dylib
0x00007fff2bf3b000 	/System/Library/Frameworks/ImageIO.framework/Versions/A/Resources/libPng.dylib
0x00007fff2bf62000 	/System/Library/Frameworks/ImageIO.framework/Versions/A/Resources/libTIFF.dylib
0x00007fff2c042000 	/System/Library/Frameworks/ImageIO.framework/Versions/A/Resources/libGIF.dylib
0x00007fff2bc9f000 	/System/Library/Frameworks/ImageIO.framework/Versions/A/Resources/libJP2.dylib
0x00007fff2b38b000 	/usr/lib/libexpat.1.dylib
0x00007fff2bc55000 	/System/Library/PrivateFrameworks/AppleJPEG.framework/Versions/A/AppleJPEG
0x00007fff287cb000 	/System/Library/PrivateFrameworks/FontServices.framework/libFontParser.dylib
0x00007fff2617a000 	/System/Library/PrivateFrameworks/RunningBoardServices.framework/Versions/A/RunningBoardServices
0x00007fff2bd7d000 	/System/Library/PrivateFrameworks/WatchdogClient.framework/Versions/A/WatchdogClient
0x00007fff21555000 	/System/Library/Frameworks/CoreDisplay.framework/Versions/A/CoreDisplay
0x00007fff286e0000 	/System/Library/Frameworks/CoreMedia.framework/Versions/A/CoreMedia
0x00007fff2753d000 	/System/Library/Frameworks/CoreVideo.framework/Versions/A/CoreVideo
0x00007fff2bdb5000 	/System/Library/Frameworks/VideoToolbox.framework/Versions/A/VideoToolbox
0x00007fff260f8000 	/System/Library/PrivateFrameworks/BaseBoard.framework/Versions/A/BaseBoard
0x00007fff2b4d0000 	/System/Library/PrivateFrameworks/PersistentConnection.framework/Versions/A/PersistentConnection
0x00007fff25e93000 	/System/Library/PrivateFrameworks/ProtocolBuffer.framework/Versions/A/ProtocolBuffer
0x00007fff260df000 	/System/Library/PrivateFrameworks/CommonUtilities.framework/Versions/A/CommonUtilities
0x00007fff2bbea000 	/System/Library/PrivateFrameworks/Bom.framework/Versions/A/Bom
0x00007fff2bfdd000 	/System/Library/PrivateFrameworks/GPUWrangler.framework/Versions/A/GPUWrangler
0x00007fff2bfc0000 	/System/Library/PrivateFrameworks/IOPresentment.framework/Versions/A/IOPresentment
0x00007fff2bfe7000 	/System/Library/PrivateFrameworks/DSExternalDisplay.framework/Versions/A/DSExternalDisplay
0x00007fff2c047000 	/System/Library/PrivateFrameworks/CMCaptureCore.framework/Versions/A/CMCaptureCore
0x00007fff2b970000 	/System/Library/PrivateFrameworks/AppServerSupport.framework/Versions/A/AppServerSupport
0x00007fff2da14000 	/System/Library/PrivateFrameworks/perfdata.framework/Versions/A/perfdata
0x00007fff29de9000 	/System/Library/PrivateFrameworks/AssertionServices.framework/Versions/A/AssertionServices
0x00007fff2168c000 	/System/Library/PrivateFrameworks/AudioToolboxCore.framework/Versions/A/AudioToolboxCore
0x00007fff286c3000 	/System/Library/PrivateFrameworks/caulk.framework/Versions/A/caulk
0x00007fff3ccae000 	/System/Library/PrivateFrameworks/SystemPolicy.framework/Versions/A/SystemPolicy
0x00007fff2b181000 	/usr/lib/libIOReport.dylib
0x00007fff2d236000 	/usr/lib/libSMC.dylib
0x00007fff2bf08000 	/usr/lib/libAudioToolboxUtility.dylib
0x00007fff3d613000 	/usr/lib/libmis.dylib
0x00007fff6b757000 	/System/Library/Frameworks/OpenGL.framework/Versions/A/Libraries/libGLU.dylib
0x00007fff6b71a000 	/System/Library/Frameworks/OpenGL.framework/Versions/A/Libraries/libGFXShared.dylib
0x00007fff6b929000 	/System/Library/Frameworks/OpenGL.framework/Versions/A/Libraries/libGL.dylib
0x00007fff6b723000 	/System/Library/Frameworks/OpenGL.framework/Versions/A/Libraries/libGLImage.dylib
0x00007fff6b717000 	/System/Library/Frameworks/OpenGL.framework/Versions/A/Libraries/libCVMSPluginSupport.dylib
0x00007fff6b702000 	/System/Library/Frameworks/OpenGL.framework/Versions/A/Libraries/libCoreVMClient.dylib
0x00007fff6cd6a000 	/System/Library/Frameworks/OpenCL.framework/Versions/A/OpenCL
0x00007fff2b4fa000 	/System/Library/PrivateFrameworks/GraphVisualizer.framework/Versions/A/GraphVisualizer
0x00007fff2b509000 	/System/Library/PrivateFrameworks/FaceCore.framework/Versions/A/FaceCore
0x00007fff2b925000 	/System/Library/PrivateFrameworks/OTSVG.framework/Versions/A/OTSVG
0x00007fff27134000 	/System/Library/Frameworks/ApplicationServices.framework/Versions/A/Frameworks/ATS.framework/Versions/A/Resources/libFontRegistry.dylib
0x00007fff2b977000 	/System/Library/PrivateFrameworks/FontServices.framework/libhvf.dylib
0x00007fff2b337000 	/System/Library/PrivateFrameworks/AppleVA.framework/Versions/A/AppleVA
0x00007fff2d07f000 	/System/Library/Frameworks/ApplicationServices.framework/Versions/A/Frameworks/ATS.framework/Versions/A/ATS
0x00007fff2d391000 	/System/Library/Frameworks/ApplicationServices.framework/Versions/A/Frameworks/ColorSyncLegacy.framework/Versions/A/ColorSyncLegacy
0x00007fff2565c000 	/System/Library/Frameworks/ApplicationServices.framework/Versions/A/Frameworks/HIServices.framework/Versions/A/HIServices
0x00007fff2d376000 	/System/Library/Frameworks/ApplicationServices.framework/Versions/A/Frameworks/LangAnalysis.framework/Versions/A/LangAnalysis
0x00007fff2c051000 	/System/Library/Frameworks/ApplicationServices.framework/Versions/A/Frameworks/PrintCore.framework/Versions/A/PrintCore
0x00007fff2d399000 	/System/Library/Frameworks/ApplicationServices.framework/Versions/A/Frameworks/QD.framework/Versions/A/QD
0x00007fff2d06f000 	/System/Library/Frameworks/ApplicationServices.framework/Versions/A/Frameworks/SpeechSynthesis.framework/Versions/A/SpeechSynthesis
0x00007fff2c012000 	/System/Library/Frameworks/ApplicationServices.framework/Versions/A/Frameworks/ATSUI.framework/Versions/A/ATSUI
0x00007fff2d316000 	/usr/lib/libcups.2.dylib
0x00007fff2d386000 	/System/Library/PrivateFrameworks/NetAuth.framework/Versions/A/NetAuth
0x00007fff2da30000 	/System/Library/Frameworks/Kerberos.framework/Versions/A/Kerberos
0x00007fff2da40000 	/System/Library/Frameworks/GSS.framework/Versions/A/GSS
0x00007fff2d0eb000 	/usr/lib/libresolv.9.dylib
0x00007fff2b98c000 	/System/Library/PrivateFrameworks/Heimdal.framework/Versions/A/Heimdal
0x00007fff337a7000 	/System/Library/Frameworks/Kerberos.framework/Versions/A/Libraries/libHeimdalProxy.dylib
0x00007fff2624b000 	/System/Library/Frameworks/Network.framework/Versions/A/Network
0x00007fff2b3a5000 	/usr/lib/libheimdal-asn1.dylib
0x00007fff2da90000 	/System/Library/PrivateFrameworks/CommonAuth.framework/Versions/A/CommonAuth
0x00007fff2758a000 	/System/Library/PrivateFrameworks/login.framework/Versions/A/Frameworks/loginsupport.framework/Versions/A/loginsupport
0x00007fff2cff4000 	/System/Library/PrivateFrameworks/AudioSession.framework/Versions/A/AudioSession
0x00007fff2d05c000 	/usr/lib/libAudioStatistics.dylib
0x00007fff2b432000 	/System/Library/PrivateFrameworks/MediaExperience.framework/Versions/A/MediaExperience
0x00007fff2ce92000 	/System/Library/PrivateFrameworks/AudioSession.framework/libSessionUtility.dylib
0x00007fff2da21000 	/usr/lib/libperfcheck.dylib
0x00007fff2d3a5000 	/System/Library/PrivateFrameworks/AudioResourceArbitration.framework/Versions/A/AudioResourceArbitration
0x00007fff2b3af000 	/System/Library/PrivateFrameworks/IconFoundation.framework/Versions/A/IconFoundation
0x00007fff2feb6000 	/System/Library/PrivateFrameworks/SpeechRecognitionCore.framework/Versions/A/SpeechRecognitionCore
0x000000010e800000 	/Users/aizhanbaktygulova/Library/Java/JavaVirtualMachines/openjdk-15.0.2/Contents/Home/lib/server/libjvm.dylib
0x000000010a631000 	/Users/aizhanbaktygulova/Library/Java/JavaVirtualMachines/openjdk-15.0.2/Contents/Home/lib/libjimage.dylib
0x000000010a64b000 	/Users/aizhanbaktygulova/Library/Java/JavaVirtualMachines/openjdk-15.0.2/Contents/Home/lib/libinstrument.dylib
0x000000010a670000 	/Users/aizhanbaktygulova/Library/Java/JavaVirtualMachines/openjdk-15.0.2/Contents/Home/lib/libjava.dylib
0x00000001313a9000 	/Users/aizhanbaktygulova/Library/Java/JavaVirtualMachines/openjdk-15.0.2/Contents/Home/lib/libzip.dylib
0x00000001313d4000 	/Users/aizhanbaktygulova/Library/Java/JavaVirtualMachines/openjdk-15.0.2/Contents/Home/lib/libnio.dylib
0x0000000131402000 	/Users/aizhanbaktygulova/Library/Java/JavaVirtualMachines/openjdk-15.0.2/Contents/Home/lib/libnet.dylib
0x00000001314e8000 	/Users/aizhanbaktygulova/Library/Java/JavaVirtualMachines/openjdk-15.0.2/Contents/Home/lib/libextnet.dylib


VM Arguments:
jvm_args: -javaagent:/Applications/IntelliJ IDEA CE.app/Contents/lib/idea_rt.jar=53932:/Applications/IntelliJ IDEA CE.app/Contents/bin -Dfile.encoding=UTF-8 
java_command: Loops.Practice3
java_class_path (initial): /Users/aizhanbaktygulova/IdeaProjects/Batch-10/out/production/Batch-10
Launcher Type: SUN_STANDARD

[Global flags]
     intx CICompilerCount                          = 4                                         {product} {ergonomic}
     uint ConcGCThreads                            = 2                                         {product} {ergonomic}
     uint G1ConcRefinementThreads                  = 8                                         {product} {ergonomic}
   size_t G1HeapRegionSize                         = 1048576                                   {product} {ergonomic}
    uintx GCDrainStackTargetSize                   = 64                                        {product} {ergonomic}
   size_t InitialHeapSize                          = 134217728                                 {product} {ergonomic}
   size_t MarkStackSize                            = 4194304                                   {product} {ergonomic}
   size_t MaxHeapSize                              = 2147483648                                {product} {ergonomic}
   size_t MaxNewSize                               = 1287651328                                {product} {ergonomic}
   size_t MinHeapDeltaBytes                        = 1048576                                   {product} {ergonomic}
   size_t MinHeapSize                              = 8388608                                   {product} {ergonomic}
    uintx NonNMethodCodeHeapSize                   = 5839372                                {pd product} {ergonomic}
    uintx NonProfiledCodeHeapSize                  = 122909434                              {pd product} {ergonomic}
    uintx ProfiledCodeHeapSize                     = 122909434                              {pd product} {ergonomic}
    uintx ReservedCodeCacheSize                    = 251658240                              {pd product} {ergonomic}
     bool SegmentedCodeCache                       = true                                      {product} {ergonomic}
   size_t SoftMaxHeapSize                          = 2147483648                             {manageable} {ergonomic}
     bool UseCompressedClassPointers               = true                                 {lp64_product} {ergonomic}
     bool UseCompressedOops                        = true                                 {lp64_product} {ergonomic}
     bool UseG1GC                                  = true                                      {product} {ergonomic}
     bool UseNUMA                                  = false                                     {product} {ergonomic}
     bool UseNUMAInterleaving                      = false                                     {product} {ergonomic}

Logging:
Log output configuration:
 #0: stdout all=warning uptime,level,tags
 #1: stderr all=off uptime,level,tags

Environment Variables:
PATH=/usr/local/bin:/usr/bin:/bin:/usr/sbin:/sbin
SHELL=/bin/zsh
LC_CTYPE=en_US.UTF-8

Signal Handlers:
SIGSEGV: [libjvm.dylib+0xa01020], sa_mask[0]=11111111111111111111111111111111, sa_flags=SA_ONSTACK|SA_RESTART|SA_SIGINFO
SIGBUS: [libjvm.dylib+0xa01020], sa_mask[0]=11111111111111111111111111111111, sa_flags=SA_RESTART|SA_SIGINFO
SIGFPE: [libjvm.dylib+0xa01020], sa_mask[0]=11111111111111111111111111111111, sa_flags=SA_RESTART|SA_SIGINFO
SIGPIPE: [libjvm.dylib+0x82c500], sa_mask[0]=11111111111111111111111111111111, sa_flags=SA_RESTART|SA_SIGINFO
SIGXFSZ: [libjvm.dylib+0x82c500], sa_mask[0]=11111111111111111111111111111111, sa_flags=SA_RESTART|SA_SIGINFO
SIGILL: [libjvm.dylib+0xa01020], sa_mask[0]=11111111111111111111111111111111, sa_flags=SA_RESTART|SA_SIGINFO
SIGUSR2: [libjvm.dylib+0x82d010], sa_mask[0]=00100000000000000000000000000000, sa_flags=SA_RESTART|SA_SIGINFO
SIGHUP: [libjvm.dylib+0x82b710], sa_mask[0]=11111111111111111111111111111111, sa_flags=SA_RESTART|SA_SIGINFO
SIGINT: [libjvm.dylib+0x82b710], sa_mask[0]=11111111111111111111111111111111, sa_flags=SA_RESTART|SA_SIGINFO
SIGTERM: [libjvm.dylib+0x82b710], sa_mask[0]=11111111111111111111111111111111, sa_flags=SA_RESTART|SA_SIGINFO
SIGQUIT: [libjvm.dylib+0x82b710], sa_mask[0]=11111111111111111111111111111111, sa_flags=SA_RESTART|SA_SIGINFO


---------------  S Y S T E M  ---------------

OS:uname: Darwin 20.1.0 Darwin Kernel Version 20.1.0: Sat Oct 31 00:07:10 PDT 2020; root:xnu-7195.50.7~2/RELEASE_ARM64_T8101 x86_64
OS uptime: 2 days 4:26 hours
rlimit (soft/hard): STACK 8176k/65520k , CORE 0k/infinity , NPROC 1333/2000 , NOFILE 10240/infinity , AS infinity/infinity , CPU infinity/infinity , DATA infinity/infinity , FSIZE infinity/infinity , MEMLOCK infinity/infinity , RSS infinity/infinity
load average: 2.41 2.20 1.90

CPU: total 8 (initial active 8) (1 cores per cpu, 1 threads per core) family 6 model 44 stepping 0 microcode 0x0, cmov, cx8, fxsr, mmx, sse, sse2, sse3, ssse3, sse4.1, sse4.2, popcnt, aes, clmul, tsc, tscinvbit, tscinv, clflush

Memory: 4k page, physical 8388608k(51532k free), swap 2097152k(1357824k free)

vm_info: OpenJDK 64-Bit Server VM (15.0.2+7-27) for bsd-amd64 JRE (15.0.2+7-27), built on Dec  7 2020 20:01:12 by "mach5one" with clang 4.2.1 Compatible Apple LLVM 10.0.0 (clang-1000.11.45.5)

END.
